{"/Users/macm4/Documents/Projek/AbsensiOnline/backend/src/routes/leave.routes.js": {"path":"/Users/macm4/Documents/Projek/AbsensiOnline/backend/src/routes/leave.routes.js","statementMap":{"0":{"start":{"line":1,"column":16},"end":{"line":1,"column":34}},"1":{"start":{"line":2,"column":14},"end":{"line":2,"column":28}},"2":{"start":{"line":3,"column":15},"end":{"line":3,"column":39}},"3":{"start":{"line":5,"column":15},"end":{"line":5,"column":31}},"4":{"start":{"line":11,"column":33},"end":{"line":18,"column":2}},"5":{"start":{"line":20,"column":32},"end":{"line":24,"column":2}},"6":{"start":{"line":31,"column":16},"end":{"line":31,"column":17}},"7":{"start":{"line":32,"column":20},"end":{"line":32,"column":39}},"8":{"start":{"line":33,"column":16},"end":{"line":33,"column":33}},"9":{"start":{"line":35,"column":4},"end":{"line":41,"column":5}},"10":{"start":{"line":36,"column":26},"end":{"line":36,"column":42}},"11":{"start":{"line":37,"column":8},"end":{"line":39,"column":9}},"12":{"start":{"line":38,"column":12},"end":{"line":38,"column":20}},"13":{"start":{"line":40,"column":8},"end":{"line":40,"column":47}},"14":{"start":{"line":43,"column":4},"end":{"line":43,"column":17}},"15":{"start":{"line":47,"column":17},"end":{"line":47,"column":41}},"16":{"start":{"line":48,"column":18},"end":{"line":54,"column":6}},"17":{"start":{"line":56,"column":19},"end":{"line":56,"column":53}},"18":{"start":{"line":57,"column":4},"end":{"line":57,"column":34}},"19":{"start":{"line":61,"column":22},"end":{"line":61,"column":55}},"20":{"start":{"line":62,"column":20},"end":{"line":62,"column":51}},"21":{"start":{"line":63,"column":20},"end":{"line":63,"column":39}},"22":{"start":{"line":65,"column":30},"end":{"line":65,"column":32}},"23":{"start":{"line":67,"column":4},"end":{"line":77,"column":5}},"24":{"start":{"line":68,"column":26},"end":{"line":68,"column":42}},"25":{"start":{"line":69,"column":8},"end":{"line":75,"column":9}},"26":{"start":{"line":70,"column":12},"end":{"line":74,"column":15}},"27":{"start":{"line":76,"column":8},"end":{"line":76,"column":47}},"28":{"start":{"line":79,"column":4},"end":{"line":97,"column":5}},"29":{"start":{"line":80,"column":25},"end":{"line":85,"column":10}},"30":{"start":{"line":87,"column":8},"end":{"line":96,"column":9}},"31":{"start":{"line":88,"column":12},"end":{"line":91,"column":15}},"32":{"start":{"line":93,"column":12},"end":{"line":95,"column":15}},"33":{"start":{"line":99,"column":4},"end":{"line":99,"column":36}},"34":{"start":{"line":103,"column":4},"end":{"line":111,"column":7}},"35":{"start":{"line":118,"column":0},"end":{"line":130,"column":3}},"36":{"start":{"line":119,"column":4},"end":{"line":129,"column":5}},"37":{"start":{"line":120,"column":27},"end":{"line":123,"column":10}},"38":{"start":{"line":125,"column":8},"end":{"line":125,"column":54}},"39":{"start":{"line":127,"column":8},"end":{"line":127,"column":68}},"40":{"start":{"line":128,"column":8},"end":{"line":128,"column":87}},"41":{"start":{"line":132,"column":0},"end":{"line":159,"column":3}},"42":{"start":{"line":133,"column":4},"end":{"line":158,"column":5}},"43":{"start":{"line":134,"column":59},"end":{"line":134,"column":68}},"44":{"start":{"line":136,"column":22},"end":{"line":136,"column":24}},"45":{"start":{"line":137,"column":8},"end":{"line":137,"column":55}},"46":{"start":{"line":137,"column":24},"end":{"line":137,"column":55}},"47":{"start":{"line":138,"column":8},"end":{"line":138,"column":42}},"48":{"start":{"line":138,"column":20},"end":{"line":138,"column":42}},"49":{"start":{"line":139,"column":8},"end":{"line":143,"column":9}},"50":{"start":{"line":140,"column":12},"end":{"line":140,"column":34}},"51":{"start":{"line":141,"column":12},"end":{"line":141,"column":70}},"52":{"start":{"line":141,"column":27},"end":{"line":141,"column":70}},"53":{"start":{"line":142,"column":12},"end":{"line":142,"column":66}},"54":{"start":{"line":142,"column":25},"end":{"line":142,"column":66}},"55":{"start":{"line":145,"column":30},"end":{"line":152,"column":10}},"56":{"start":{"line":154,"column":8},"end":{"line":154,"column":86}},"57":{"start":{"line":156,"column":8},"end":{"line":156,"column":71}},"58":{"start":{"line":157,"column":8},"end":{"line":157,"column":90}},"59":{"start":{"line":161,"column":0},"end":{"line":216,"column":3}},"60":{"start":{"line":162,"column":4},"end":{"line":215,"column":5}},"61":{"start":{"line":163,"column":30},"end":{"line":163,"column":70}},"62":{"start":{"line":165,"column":26},"end":{"line":165,"column":59}},"63":{"start":{"line":166,"column":24},"end":{"line":166,"column":55}},"64":{"start":{"line":167,"column":26},"end":{"line":167,"column":67}},"65":{"start":{"line":169,"column":28},"end":{"line":169,"column":52}},"66":{"start":{"line":170,"column":29},"end":{"line":178,"column":10}},"67":{"start":{"line":180,"column":8},"end":{"line":186,"column":9}},"68":{"start":{"line":181,"column":12},"end":{"line":185,"column":15}},"69":{"start":{"line":188,"column":30},"end":{"line":188,"column":64}},"70":{"start":{"line":190,"column":29},"end":{"line":206,"column":10}},"71":{"start":{"line":208,"column":8},"end":{"line":208,"column":117}},"72":{"start":{"line":210,"column":8},"end":{"line":212,"column":9}},"73":{"start":{"line":211,"column":12},"end":{"line":211,"column":110}},"74":{"start":{"line":213,"column":8},"end":{"line":213,"column":70}},"75":{"start":{"line":214,"column":8},"end":{"line":214,"column":90}},"76":{"start":{"line":218,"column":0},"end":{"line":295,"column":3}},"77":{"start":{"line":219,"column":4},"end":{"line":294,"column":5}},"78":{"start":{"line":220,"column":23},"end":{"line":220,"column":33}},"79":{"start":{"line":221,"column":30},"end":{"line":221,"column":69}},"80":{"start":{"line":223,"column":31},"end":{"line":226,"column":10}},"81":{"start":{"line":228,"column":8},"end":{"line":230,"column":9}},"82":{"start":{"line":229,"column":12},"end":{"line":229,"column":94}},"83":{"start":{"line":232,"column":8},"end":{"line":234,"column":9}},"84":{"start":{"line":233,"column":12},"end":{"line":233,"column":135}},"85":{"start":{"line":236,"column":31},"end":{"line":245,"column":10}},"86":{"start":{"line":247,"column":8},"end":{"line":285,"column":9}},"87":{"start":{"line":248,"column":12},"end":{"line":248,"column":58}},"88":{"start":{"line":250,"column":32},"end":{"line":250,"column":56}},"89":{"start":{"line":251,"column":12},"end":{"line":263,"column":15}},"90":{"start":{"line":265,"column":12},"end":{"line":268,"column":15}},"91":{"start":{"line":270,"column":12},"end":{"line":276,"column":14}},"92":{"start":{"line":277,"column":15},"end":{"line":285,"column":9}},"93":{"start":{"line":278,"column":12},"end":{"line":284,"column":14}},"94":{"start":{"line":287,"column":8},"end":{"line":287,"column":135}},"95":{"start":{"line":289,"column":8},"end":{"line":291,"column":9}},"96":{"start":{"line":290,"column":12},"end":{"line":290,"column":110}},"97":{"start":{"line":292,"column":8},"end":{"line":292,"column":69}},"98":{"start":{"line":293,"column":8},"end":{"line":293,"column":89}},"99":{"start":{"line":297,"column":0},"end":{"line":312,"column":3}},"100":{"start":{"line":298,"column":4},"end":{"line":311,"column":5}},"101":{"start":{"line":299,"column":23},"end":{"line":299,"column":33}},"102":{"start":{"line":300,"column":28},"end":{"line":300,"column":52}},"103":{"start":{"line":302,"column":25},"end":{"line":305,"column":10}},"104":{"start":{"line":307,"column":8},"end":{"line":307,"column":71}},"105":{"start":{"line":309,"column":8},"end":{"line":309,"column":70}},"106":{"start":{"line":310,"column":8},"end":{"line":310,"column":89}},"107":{"start":{"line":314,"column":0},"end":{"line":314,"column":24}}},"fnMap":{"0":{"name":"calculateBusinessDays","decl":{"start":{"line":30,"column":9},"end":{"line":30,"column":30}},"loc":{"start":{"line":30,"column":51},"end":{"line":44,"column":1}},"line":30},"1":{"name":"generateLeaveRequestNumber","decl":{"start":{"line":46,"column":15},"end":{"line":46,"column":41}},"loc":{"start":{"line":46,"column":44},"end":{"line":58,"column":1}},"line":46},"2":{"name":"syncLeaveWithAttendance","decl":{"start":{"line":60,"column":15},"end":{"line":60,"column":38}},"loc":{"start":{"line":60,"column":53},"end":{"line":100,"column":1}},"line":60},"3":{"name":"createNotification","decl":{"start":{"line":102,"column":15},"end":{"line":102,"column":33}},"loc":{"start":{"line":102,"column":79},"end":{"line":112,"column":1}},"line":102},"4":{"name":"(anonymous_4)","decl":{"start":{"line":118,"column":27},"end":{"line":118,"column":28}},"loc":{"start":{"line":118,"column":47},"end":{"line":130,"column":1}},"line":118},"5":{"name":"(anonymous_5)","decl":{"start":{"line":132,"column":30},"end":{"line":132,"column":31}},"loc":{"start":{"line":132,"column":50},"end":{"line":159,"column":1}},"line":132},"6":{"name":"(anonymous_6)","decl":{"start":{"line":161,"column":31},"end":{"line":161,"column":32}},"loc":{"start":{"line":161,"column":51},"end":{"line":216,"column":1}},"line":161},"7":{"name":"(anonymous_7)","decl":{"start":{"line":218,"column":43},"end":{"line":218,"column":44}},"loc":{"start":{"line":218,"column":63},"end":{"line":295,"column":1}},"line":218},"8":{"name":"(anonymous_8)","decl":{"start":{"line":297,"column":43},"end":{"line":297,"column":44}},"loc":{"start":{"line":297,"column":63},"end":{"line":312,"column":1}},"line":297}},"branchMap":{"0":{"loc":{"start":{"line":37,"column":8},"end":{"line":39,"column":9}},"type":"if","locations":[{"start":{"line":37,"column":8},"end":{"line":39,"column":9}},{"start":{},"end":{}}],"line":37},"1":{"loc":{"start":{"line":37,"column":12},"end":{"line":37,"column":46}},"type":"binary-expr","locations":[{"start":{"line":37,"column":12},"end":{"line":37,"column":27}},{"start":{"line":37,"column":31},"end":{"line":37,"column":46}}],"line":37},"2":{"loc":{"start":{"line":69,"column":8},"end":{"line":75,"column":9}},"type":"if","locations":[{"start":{"line":69,"column":8},"end":{"line":75,"column":9}},{"start":{},"end":{}}],"line":69},"3":{"loc":{"start":{"line":69,"column":12},"end":{"line":69,"column":46}},"type":"binary-expr","locations":[{"start":{"line":69,"column":12},"end":{"line":69,"column":27}},{"start":{"line":69,"column":31},"end":{"line":69,"column":46}}],"line":69},"4":{"loc":{"start":{"line":87,"column":8},"end":{"line":96,"column":9}},"type":"if","locations":[{"start":{"line":87,"column":8},"end":{"line":96,"column":9}},{"start":{"line":92,"column":15},"end":{"line":96,"column":9}}],"line":87},"5":{"loc":{"start":{"line":137,"column":8},"end":{"line":137,"column":55}},"type":"if","locations":[{"start":{"line":137,"column":8},"end":{"line":137,"column":55}},{"start":{},"end":{}}],"line":137},"6":{"loc":{"start":{"line":138,"column":8},"end":{"line":138,"column":42}},"type":"if","locations":[{"start":{"line":138,"column":8},"end":{"line":138,"column":42}},{"start":{},"end":{}}],"line":138},"7":{"loc":{"start":{"line":139,"column":8},"end":{"line":143,"column":9}},"type":"if","locations":[{"start":{"line":139,"column":8},"end":{"line":143,"column":9}},{"start":{},"end":{}}],"line":139},"8":{"loc":{"start":{"line":139,"column":12},"end":{"line":139,"column":32}},"type":"binary-expr","locations":[{"start":{"line":139,"column":12},"end":{"line":139,"column":21}},{"start":{"line":139,"column":25},"end":{"line":139,"column":32}}],"line":139},"9":{"loc":{"start":{"line":141,"column":12},"end":{"line":141,"column":70}},"type":"if","locations":[{"start":{"line":141,"column":12},"end":{"line":141,"column":70}},{"start":{},"end":{}}],"line":141},"10":{"loc":{"start":{"line":142,"column":12},"end":{"line":142,"column":66}},"type":"if","locations":[{"start":{"line":142,"column":12},"end":{"line":142,"column":66}},{"start":{},"end":{}}],"line":142},"11":{"loc":{"start":{"line":180,"column":8},"end":{"line":186,"column":9}},"type":"if","locations":[{"start":{"line":180,"column":8},"end":{"line":186,"column":9}},{"start":{},"end":{}}],"line":180},"12":{"loc":{"start":{"line":180,"column":12},"end":{"line":180,"column":62}},"type":"binary-expr","locations":[{"start":{"line":180,"column":12},"end":{"line":180,"column":24}},{"start":{"line":180,"column":28},"end":{"line":180,"column":62}}],"line":180},"13":{"loc":{"start":{"line":210,"column":8},"end":{"line":212,"column":9}},"type":"if","locations":[{"start":{"line":210,"column":8},"end":{"line":212,"column":9}},{"start":{},"end":{}}],"line":210},"14":{"loc":{"start":{"line":228,"column":8},"end":{"line":230,"column":9}},"type":"if","locations":[{"start":{"line":228,"column":8},"end":{"line":230,"column":9}},{"start":{},"end":{}}],"line":228},"15":{"loc":{"start":{"line":232,"column":8},"end":{"line":234,"column":9}},"type":"if","locations":[{"start":{"line":232,"column":8},"end":{"line":234,"column":9}},{"start":{},"end":{}}],"line":232},"16":{"loc":{"start":{"line":247,"column":8},"end":{"line":285,"column":9}},"type":"if","locations":[{"start":{"line":247,"column":8},"end":{"line":285,"column":9}},{"start":{"line":277,"column":15},"end":{"line":285,"column":9}}],"line":247},"17":{"loc":{"start":{"line":277,"column":15},"end":{"line":285,"column":9}},"type":"if","locations":[{"start":{"line":277,"column":15},"end":{"line":285,"column":9}},{"start":{},"end":{}}],"line":277},"18":{"loc":{"start":{"line":282,"column":85},"end":{"line":282,"column":116}},"type":"binary-expr","locations":[{"start":{"line":282,"column":85},"end":{"line":282,"column":110}},{"start":{"line":282,"column":114},"end":{"line":282,"column":116}}],"line":282},"19":{"loc":{"start":{"line":289,"column":8},"end":{"line":291,"column":9}},"type":"if","locations":[{"start":{"line":289,"column":8},"end":{"line":291,"column":9}},{"start":{},"end":{}}],"line":289}},"s":{"0":1,"1":1,"2":1,"3":1,"4":1,"5":1,"6":1,"7":1,"8":1,"9":1,"10":5,"11":5,"12":4,"13":5,"14":1,"15":1,"16":1,"17":1,"18":1,"19":1,"20":1,"21":1,"22":1,"23":1,"24":5,"25":5,"26":4,"27":5,"28":1,"29":4,"30":4,"31":0,"32":4,"33":1,"34":1,"35":1,"36":1,"37":1,"38":1,"39":0,"40":0,"41":1,"42":0,"43":0,"44":0,"45":0,"46":0,"47":0,"48":0,"49":0,"50":0,"51":0,"52":0,"53":0,"54":0,"55":0,"56":0,"57":0,"58":0,"59":1,"60":1,"61":1,"62":1,"63":1,"64":1,"65":1,"66":1,"67":1,"68":0,"69":1,"70":1,"71":1,"72":0,"73":0,"74":0,"75":0,"76":1,"77":1,"78":1,"79":1,"80":1,"81":1,"82":0,"83":1,"84":0,"85":1,"86":1,"87":1,"88":1,"89":1,"90":1,"91":1,"92":0,"93":0,"94":1,"95":0,"96":0,"97":0,"98":0,"99":1,"100":1,"101":1,"102":1,"103":1,"104":1,"105":0,"106":0,"107":1},"f":{"0":1,"1":1,"2":1,"3":1,"4":1,"5":0,"6":1,"7":1,"8":1},"b":{"0":[4,1],"1":[5,5],"2":[4,1],"3":[5,5],"4":[0,4],"5":[0,0],"6":[0,0],"7":[0,0],"8":[0,0],"9":[0,0],"10":[0,0],"11":[0,1],"12":[1,1],"13":[0,0],"14":[0,1],"15":[0,1],"16":[1,0],"17":[0,0],"18":[0,0],"19":[0,0]},"_coverageSchema":"1a1c01bbd47fc00a2c39e90264f33305004495a9","hash":"6ac2f5ce6887cf8151a205ee17f5fcb7d584c840"}
}
