{"/Users/macm4/Documents/Projek/AbsensiOnline/backend/src/auth.js": {"path":"/Users/macm4/Documents/Projek/AbsensiOnline/backend/src/auth.js","statementMap":{"0":{"start":{"line":1,"column":16},"end":{"line":1,"column":34}},"1":{"start":{"line":2,"column":15},"end":{"line":2,"column":34}},"2":{"start":{"line":3,"column":12},"end":{"line":3,"column":35}},"3":{"start":{"line":5,"column":0},"end":{"line":86,"column":2}},"4":{"start":{"line":6,"column":19},"end":{"line":6,"column":35}},"5":{"start":{"line":9,"column":4},"end":{"line":59,"column":7}},"6":{"start":{"line":10,"column":39},"end":{"line":10,"column":53}},"7":{"start":{"line":11,"column":8},"end":{"line":11,"column":109}},"8":{"start":{"line":11,"column":36},"end":{"line":11,"column":109}},"9":{"start":{"line":13,"column":8},"end":{"line":58,"column":9}},"10":{"start":{"line":14,"column":25},"end":{"line":19,"column":14}},"11":{"start":{"line":21,"column":12},"end":{"line":23,"column":13}},"12":{"start":{"line":22,"column":16},"end":{"line":22,"column":78}},"13":{"start":{"line":25,"column":26},"end":{"line":25,"column":74}},"14":{"start":{"line":26,"column":12},"end":{"line":28,"column":13}},"15":{"start":{"line":27,"column":16},"end":{"line":27,"column":78}},"16":{"start":{"line":30,"column":26},"end":{"line":38,"column":13}},"17":{"start":{"line":40,"column":12},"end":{"line":54,"column":15}},"18":{"start":{"line":56,"column":12},"end":{"line":56,"column":46}},"19":{"start":{"line":57,"column":12},"end":{"line":57,"column":67}},"20":{"start":{"line":62,"column":4},"end":{"line":64,"column":7}},"21":{"start":{"line":63,"column":8},"end":{"line":63,"column":38}},"22":{"start":{"line":67,"column":4},"end":{"line":83,"column":7}},"23":{"start":{"line":68,"column":31},"end":{"line":68,"column":39}},"24":{"start":{"line":69,"column":27},"end":{"line":69,"column":52}},"25":{"start":{"line":70,"column":8},"end":{"line":70,"column":76}},"26":{"start":{"line":70,"column":25},"end":{"line":70,"column":76}},"27":{"start":{"line":72,"column":22},"end":{"line":72,"column":46}},"28":{"start":{"line":73,"column":8},"end":{"line":82,"column":9}},"29":{"start":{"line":74,"column":28},"end":{"line":74,"column":85}},"30":{"start":{"line":75,"column":12},"end":{"line":78,"column":15}},"31":{"start":{"line":79,"column":12},"end":{"line":79,"column":42}},"32":{"start":{"line":81,"column":12},"end":{"line":81,"column":68}},"33":{"start":{"line":85,"column":4},"end":{"line":85,"column":18}}},"fnMap":{"0":{"name":"(anonymous_0)","decl":{"start":{"line":5,"column":17},"end":{"line":5,"column":18}},"loc":{"start":{"line":5,"column":29},"end":{"line":86,"column":1}},"line":5},"1":{"name":"(anonymous_1)","decl":{"start":{"line":9,"column":26},"end":{"line":9,"column":27}},"loc":{"start":{"line":9,"column":46},"end":{"line":59,"column":5}},"line":9},"2":{"name":"(anonymous_2)","decl":{"start":{"line":62,"column":27},"end":{"line":62,"column":28}},"loc":{"start":{"line":62,"column":41},"end":{"line":64,"column":5}},"line":62},"3":{"name":"(anonymous_3)","decl":{"start":{"line":67,"column":30},"end":{"line":67,"column":31}},"loc":{"start":{"line":67,"column":50},"end":{"line":83,"column":5}},"line":67}},"branchMap":{"0":{"loc":{"start":{"line":10,"column":39},"end":{"line":10,"column":53}},"type":"binary-expr","locations":[{"start":{"line":10,"column":39},"end":{"line":10,"column":47}},{"start":{"line":10,"column":51},"end":{"line":10,"column":53}}],"line":10},"1":{"loc":{"start":{"line":11,"column":8},"end":{"line":11,"column":109}},"type":"if","locations":[{"start":{"line":11,"column":8},"end":{"line":11,"column":109}},{"start":{},"end":{}}],"line":11},"2":{"loc":{"start":{"line":11,"column":12},"end":{"line":11,"column":34}},"type":"binary-expr","locations":[{"start":{"line":11,"column":12},"end":{"line":11,"column":21}},{"start":{"line":11,"column":25},"end":{"line":11,"column":34}}],"line":11},"3":{"loc":{"start":{"line":21,"column":12},"end":{"line":23,"column":13}},"type":"if","locations":[{"start":{"line":21,"column":12},"end":{"line":23,"column":13}},{"start":{},"end":{}}],"line":21},"4":{"loc":{"start":{"line":26,"column":12},"end":{"line":28,"column":13}},"type":"if","locations":[{"start":{"line":26,"column":12},"end":{"line":28,"column":13}},{"start":{},"end":{}}],"line":26},"5":{"loc":{"start":{"line":36,"column":16},"end":{"line":36,"column":54}},"type":"binary-expr","locations":[{"start":{"line":36,"column":16},"end":{"line":36,"column":38}},{"start":{"line":36,"column":42},"end":{"line":36,"column":54}}],"line":36},"6":{"loc":{"start":{"line":48,"column":30},"end":{"line":52,"column":28}},"type":"cond-expr","locations":[{"start":{"line":48,"column":46},"end":{"line":52,"column":21}},{"start":{"line":52,"column":24},"end":{"line":52,"column":28}}],"line":48},"7":{"loc":{"start":{"line":70,"column":8},"end":{"line":70,"column":76}},"type":"if","locations":[{"start":{"line":70,"column":8},"end":{"line":70,"column":76}},{"start":{},"end":{}}],"line":70},"8":{"loc":{"start":{"line":74,"column":46},"end":{"line":74,"column":84}},"type":"binary-expr","locations":[{"start":{"line":74,"column":46},"end":{"line":74,"column":68}},{"start":{"line":74,"column":72},"end":{"line":74,"column":84}}],"line":74}},"s":{"0":1,"1":1,"2":1,"3":1,"4":1,"5":1,"6":3,"7":3,"8":0,"9":3,"10":3,"11":3,"12":1,"13":2,"14":2,"15":1,"16":1,"17":1,"18":0,"19":0,"20":1,"21":0,"22":1,"23":2,"24":2,"25":2,"26":0,"27":2,"28":2,"29":2,"30":1,"31":1,"32":1,"33":1},"f":{"0":1,"1":3,"2":0,"3":2},"b":{"0":[3,0],"1":[0,3],"2":[3,3],"3":[1,2],"4":[1,1],"5":[1,1],"6":[1,0],"7":[0,2],"8":[2,2]},"_coverageSchema":"1a1c01bbd47fc00a2c39e90264f33305004495a9","hash":"d8bcfbe372e13adc85f0310651ab01de72c062e3"}
,"/Users/macm4/Documents/Projek/AbsensiOnline/backend/src/lib/notifications.js": {"path":"/Users/macm4/Documents/Projek/AbsensiOnline/backend/src/lib/notifications.js","statementMap":{"0":{"start":{"line":1,"column":15},"end":{"line":1,"column":34}},"1":{"start":{"line":14,"column":4},"end":{"line":30,"column":5}},"2":{"start":{"line":15,"column":8},"end":{"line":24,"column":11}},"3":{"start":{"line":26,"column":8},"end":{"line":26,"column":98}},"4":{"start":{"line":29,"column":8},"end":{"line":29,"column":20}},"5":{"start":{"line":33,"column":0},"end":{"line":35,"column":2}}},"fnMap":{"0":{"name":"createNotification","decl":{"start":{"line":13,"column":15},"end":{"line":13,"column":33}},"loc":{"start":{"line":13,"column":79},"end":{"line":31,"column":1}},"line":13}},"branchMap":{},"s":{"0":1,"1":1,"2":1,"3":0,"4":0,"5":1},"f":{"0":1},"b":{},"_coverageSchema":"1a1c01bbd47fc00a2c39e90264f33305004495a9","hash":"ccff7245ae4fd5c9f6ef271cd96a7c57c0a03d49"}
,"/Users/macm4/Documents/Projek/AbsensiOnline/backend/src/routes/leave.routes.js": {"path":"/Users/macm4/Documents/Projek/AbsensiOnline/backend/src/routes/leave.routes.js","statementMap":{"0":{"start":{"line":1,"column":16},"end":{"line":1,"column":34}},"1":{"start":{"line":2,"column":14},"end":{"line":2,"column":28}},"2":{"start":{"line":3,"column":15},"end":{"line":3,"column":39}},"3":{"start":{"line":4,"column":31},"end":{"line":4,"column":62}},"4":{"start":{"line":5,"column":28},"end":{"line":5,"column":73}},"5":{"start":{"line":6,"column":23},"end":{"line":6,"column":63}},"6":{"start":{"line":8,"column":15},"end":{"line":8,"column":31}},"7":{"start":{"line":14,"column":33},"end":{"line":21,"column":2}},"8":{"start":{"line":23,"column":32},"end":{"line":27,"column":2}},"9":{"start":{"line":34,"column":16},"end":{"line":34,"column":17}},"10":{"start":{"line":35,"column":20},"end":{"line":35,"column":39}},"11":{"start":{"line":36,"column":16},"end":{"line":36,"column":33}},"12":{"start":{"line":38,"column":4},"end":{"line":44,"column":5}},"13":{"start":{"line":39,"column":26},"end":{"line":39,"column":42}},"14":{"start":{"line":40,"column":8},"end":{"line":42,"column":9}},"15":{"start":{"line":41,"column":12},"end":{"line":41,"column":20}},"16":{"start":{"line":43,"column":8},"end":{"line":43,"column":47}},"17":{"start":{"line":46,"column":4},"end":{"line":46,"column":17}},"18":{"start":{"line":50,"column":17},"end":{"line":50,"column":41}},"19":{"start":{"line":51,"column":18},"end":{"line":57,"column":6}},"20":{"start":{"line":59,"column":19},"end":{"line":59,"column":53}},"21":{"start":{"line":60,"column":4},"end":{"line":60,"column":34}},"22":{"start":{"line":64,"column":22},"end":{"line":64,"column":55}},"23":{"start":{"line":65,"column":20},"end":{"line":65,"column":51}},"24":{"start":{"line":66,"column":20},"end":{"line":66,"column":39}},"25":{"start":{"line":68,"column":30},"end":{"line":68,"column":32}},"26":{"start":{"line":70,"column":4},"end":{"line":80,"column":5}},"27":{"start":{"line":71,"column":26},"end":{"line":71,"column":42}},"28":{"start":{"line":72,"column":8},"end":{"line":78,"column":9}},"29":{"start":{"line":73,"column":12},"end":{"line":77,"column":15}},"30":{"start":{"line":79,"column":8},"end":{"line":79,"column":47}},"31":{"start":{"line":82,"column":4},"end":{"line":100,"column":5}},"32":{"start":{"line":83,"column":25},"end":{"line":88,"column":10}},"33":{"start":{"line":90,"column":8},"end":{"line":99,"column":9}},"34":{"start":{"line":91,"column":12},"end":{"line":94,"column":15}},"35":{"start":{"line":96,"column":12},"end":{"line":98,"column":15}},"36":{"start":{"line":102,"column":4},"end":{"line":102,"column":36}},"37":{"start":{"line":111,"column":0},"end":{"line":123,"column":3}},"38":{"start":{"line":112,"column":4},"end":{"line":122,"column":5}},"39":{"start":{"line":113,"column":27},"end":{"line":116,"column":10}},"40":{"start":{"line":118,"column":8},"end":{"line":118,"column":54}},"41":{"start":{"line":120,"column":8},"end":{"line":120,"column":68}},"42":{"start":{"line":121,"column":8},"end":{"line":121,"column":87}},"43":{"start":{"line":125,"column":0},"end":{"line":152,"column":3}},"44":{"start":{"line":126,"column":4},"end":{"line":151,"column":5}},"45":{"start":{"line":127,"column":59},"end":{"line":127,"column":68}},"46":{"start":{"line":129,"column":22},"end":{"line":129,"column":24}},"47":{"start":{"line":130,"column":8},"end":{"line":130,"column":55}},"48":{"start":{"line":130,"column":24},"end":{"line":130,"column":55}},"49":{"start":{"line":131,"column":8},"end":{"line":131,"column":42}},"50":{"start":{"line":131,"column":20},"end":{"line":131,"column":42}},"51":{"start":{"line":132,"column":8},"end":{"line":136,"column":9}},"52":{"start":{"line":133,"column":12},"end":{"line":133,"column":34}},"53":{"start":{"line":134,"column":12},"end":{"line":134,"column":70}},"54":{"start":{"line":134,"column":27},"end":{"line":134,"column":70}},"55":{"start":{"line":135,"column":12},"end":{"line":135,"column":66}},"56":{"start":{"line":135,"column":25},"end":{"line":135,"column":66}},"57":{"start":{"line":138,"column":30},"end":{"line":145,"column":10}},"58":{"start":{"line":147,"column":8},"end":{"line":147,"column":86}},"59":{"start":{"line":149,"column":8},"end":{"line":149,"column":71}},"60":{"start":{"line":150,"column":8},"end":{"line":150,"column":90}},"61":{"start":{"line":154,"column":0},"end":{"line":209,"column":3}},"62":{"start":{"line":155,"column":4},"end":{"line":208,"column":5}},"63":{"start":{"line":156,"column":30},"end":{"line":156,"column":70}},"64":{"start":{"line":158,"column":26},"end":{"line":158,"column":59}},"65":{"start":{"line":159,"column":24},"end":{"line":159,"column":55}},"66":{"start":{"line":160,"column":26},"end":{"line":160,"column":67}},"67":{"start":{"line":162,"column":28},"end":{"line":162,"column":52}},"68":{"start":{"line":163,"column":29},"end":{"line":171,"column":10}},"69":{"start":{"line":173,"column":8},"end":{"line":179,"column":9}},"70":{"start":{"line":174,"column":12},"end":{"line":178,"column":15}},"71":{"start":{"line":181,"column":30},"end":{"line":181,"column":64}},"72":{"start":{"line":183,"column":29},"end":{"line":199,"column":10}},"73":{"start":{"line":201,"column":8},"end":{"line":201,"column":117}},"74":{"start":{"line":203,"column":8},"end":{"line":205,"column":9}},"75":{"start":{"line":204,"column":12},"end":{"line":204,"column":110}},"76":{"start":{"line":206,"column":8},"end":{"line":206,"column":70}},"77":{"start":{"line":207,"column":8},"end":{"line":207,"column":90}},"78":{"start":{"line":211,"column":0},"end":{"line":288,"column":3}},"79":{"start":{"line":212,"column":4},"end":{"line":287,"column":5}},"80":{"start":{"line":213,"column":23},"end":{"line":213,"column":33}},"81":{"start":{"line":214,"column":30},"end":{"line":214,"column":69}},"82":{"start":{"line":216,"column":31},"end":{"line":219,"column":10}},"83":{"start":{"line":221,"column":8},"end":{"line":223,"column":9}},"84":{"start":{"line":222,"column":12},"end":{"line":222,"column":94}},"85":{"start":{"line":225,"column":8},"end":{"line":227,"column":9}},"86":{"start":{"line":226,"column":12},"end":{"line":226,"column":135}},"87":{"start":{"line":229,"column":31},"end":{"line":238,"column":10}},"88":{"start":{"line":240,"column":8},"end":{"line":278,"column":9}},"89":{"start":{"line":241,"column":12},"end":{"line":241,"column":58}},"90":{"start":{"line":243,"column":32},"end":{"line":243,"column":56}},"91":{"start":{"line":244,"column":12},"end":{"line":256,"column":15}},"92":{"start":{"line":258,"column":12},"end":{"line":261,"column":15}},"93":{"start":{"line":263,"column":12},"end":{"line":269,"column":14}},"94":{"start":{"line":270,"column":15},"end":{"line":278,"column":9}},"95":{"start":{"line":271,"column":12},"end":{"line":277,"column":14}},"96":{"start":{"line":280,"column":8},"end":{"line":280,"column":135}},"97":{"start":{"line":282,"column":8},"end":{"line":284,"column":9}},"98":{"start":{"line":283,"column":12},"end":{"line":283,"column":110}},"99":{"start":{"line":285,"column":8},"end":{"line":285,"column":69}},"100":{"start":{"line":286,"column":8},"end":{"line":286,"column":89}},"101":{"start":{"line":290,"column":0},"end":{"line":305,"column":3}},"102":{"start":{"line":291,"column":4},"end":{"line":304,"column":5}},"103":{"start":{"line":292,"column":23},"end":{"line":292,"column":33}},"104":{"start":{"line":293,"column":28},"end":{"line":293,"column":52}},"105":{"start":{"line":295,"column":25},"end":{"line":298,"column":10}},"106":{"start":{"line":300,"column":8},"end":{"line":300,"column":71}},"107":{"start":{"line":302,"column":8},"end":{"line":302,"column":70}},"108":{"start":{"line":303,"column":8},"end":{"line":303,"column":89}},"109":{"start":{"line":307,"column":0},"end":{"line":307,"column":24}}},"fnMap":{"0":{"name":"calculateBusinessDays","decl":{"start":{"line":33,"column":9},"end":{"line":33,"column":30}},"loc":{"start":{"line":33,"column":51},"end":{"line":47,"column":1}},"line":33},"1":{"name":"generateLeaveRequestNumber","decl":{"start":{"line":49,"column":15},"end":{"line":49,"column":41}},"loc":{"start":{"line":49,"column":44},"end":{"line":61,"column":1}},"line":49},"2":{"name":"syncLeaveWithAttendance","decl":{"start":{"line":63,"column":15},"end":{"line":63,"column":38}},"loc":{"start":{"line":63,"column":53},"end":{"line":103,"column":1}},"line":63},"3":{"name":"(anonymous_3)","decl":{"start":{"line":111,"column":48},"end":{"line":111,"column":49}},"loc":{"start":{"line":111,"column":68},"end":{"line":123,"column":1}},"line":111},"4":{"name":"(anonymous_4)","decl":{"start":{"line":125,"column":51},"end":{"line":125,"column":52}},"loc":{"start":{"line":125,"column":71},"end":{"line":152,"column":1}},"line":125},"5":{"name":"(anonymous_5)","decl":{"start":{"line":154,"column":52},"end":{"line":154,"column":53}},"loc":{"start":{"line":154,"column":72},"end":{"line":209,"column":1}},"line":154},"6":{"name":"(anonymous_6)","decl":{"start":{"line":211,"column":79},"end":{"line":211,"column":80}},"loc":{"start":{"line":211,"column":99},"end":{"line":288,"column":1}},"line":211},"7":{"name":"(anonymous_7)","decl":{"start":{"line":290,"column":64},"end":{"line":290,"column":65}},"loc":{"start":{"line":290,"column":84},"end":{"line":305,"column":1}},"line":290}},"branchMap":{"0":{"loc":{"start":{"line":40,"column":8},"end":{"line":42,"column":9}},"type":"if","locations":[{"start":{"line":40,"column":8},"end":{"line":42,"column":9}},{"start":{},"end":{}}],"line":40},"1":{"loc":{"start":{"line":40,"column":12},"end":{"line":40,"column":46}},"type":"binary-expr","locations":[{"start":{"line":40,"column":12},"end":{"line":40,"column":27}},{"start":{"line":40,"column":31},"end":{"line":40,"column":46}}],"line":40},"2":{"loc":{"start":{"line":72,"column":8},"end":{"line":78,"column":9}},"type":"if","locations":[{"start":{"line":72,"column":8},"end":{"line":78,"column":9}},{"start":{},"end":{}}],"line":72},"3":{"loc":{"start":{"line":72,"column":12},"end":{"line":72,"column":46}},"type":"binary-expr","locations":[{"start":{"line":72,"column":12},"end":{"line":72,"column":27}},{"start":{"line":72,"column":31},"end":{"line":72,"column":46}}],"line":72},"4":{"loc":{"start":{"line":90,"column":8},"end":{"line":99,"column":9}},"type":"if","locations":[{"start":{"line":90,"column":8},"end":{"line":99,"column":9}},{"start":{"line":95,"column":15},"end":{"line":99,"column":9}}],"line":90},"5":{"loc":{"start":{"line":130,"column":8},"end":{"line":130,"column":55}},"type":"if","locations":[{"start":{"line":130,"column":8},"end":{"line":130,"column":55}},{"start":{},"end":{}}],"line":130},"6":{"loc":{"start":{"line":131,"column":8},"end":{"line":131,"column":42}},"type":"if","locations":[{"start":{"line":131,"column":8},"end":{"line":131,"column":42}},{"start":{},"end":{}}],"line":131},"7":{"loc":{"start":{"line":132,"column":8},"end":{"line":136,"column":9}},"type":"if","locations":[{"start":{"line":132,"column":8},"end":{"line":136,"column":9}},{"start":{},"end":{}}],"line":132},"8":{"loc":{"start":{"line":132,"column":12},"end":{"line":132,"column":32}},"type":"binary-expr","locations":[{"start":{"line":132,"column":12},"end":{"line":132,"column":21}},{"start":{"line":132,"column":25},"end":{"line":132,"column":32}}],"line":132},"9":{"loc":{"start":{"line":134,"column":12},"end":{"line":134,"column":70}},"type":"if","locations":[{"start":{"line":134,"column":12},"end":{"line":134,"column":70}},{"start":{},"end":{}}],"line":134},"10":{"loc":{"start":{"line":135,"column":12},"end":{"line":135,"column":66}},"type":"if","locations":[{"start":{"line":135,"column":12},"end":{"line":135,"column":66}},{"start":{},"end":{}}],"line":135},"11":{"loc":{"start":{"line":173,"column":8},"end":{"line":179,"column":9}},"type":"if","locations":[{"start":{"line":173,"column":8},"end":{"line":179,"column":9}},{"start":{},"end":{}}],"line":173},"12":{"loc":{"start":{"line":173,"column":12},"end":{"line":173,"column":62}},"type":"binary-expr","locations":[{"start":{"line":173,"column":12},"end":{"line":173,"column":24}},{"start":{"line":173,"column":28},"end":{"line":173,"column":62}}],"line":173},"13":{"loc":{"start":{"line":203,"column":8},"end":{"line":205,"column":9}},"type":"if","locations":[{"start":{"line":203,"column":8},"end":{"line":205,"column":9}},{"start":{},"end":{}}],"line":203},"14":{"loc":{"start":{"line":221,"column":8},"end":{"line":223,"column":9}},"type":"if","locations":[{"start":{"line":221,"column":8},"end":{"line":223,"column":9}},{"start":{},"end":{}}],"line":221},"15":{"loc":{"start":{"line":225,"column":8},"end":{"line":227,"column":9}},"type":"if","locations":[{"start":{"line":225,"column":8},"end":{"line":227,"column":9}},{"start":{},"end":{}}],"line":225},"16":{"loc":{"start":{"line":240,"column":8},"end":{"line":278,"column":9}},"type":"if","locations":[{"start":{"line":240,"column":8},"end":{"line":278,"column":9}},{"start":{"line":270,"column":15},"end":{"line":278,"column":9}}],"line":240},"17":{"loc":{"start":{"line":270,"column":15},"end":{"line":278,"column":9}},"type":"if","locations":[{"start":{"line":270,"column":15},"end":{"line":278,"column":9}},{"start":{},"end":{}}],"line":270},"18":{"loc":{"start":{"line":275,"column":85},"end":{"line":275,"column":116}},"type":"binary-expr","locations":[{"start":{"line":275,"column":85},"end":{"line":275,"column":110}},{"start":{"line":275,"column":114},"end":{"line":275,"column":116}}],"line":275},"19":{"loc":{"start":{"line":282,"column":8},"end":{"line":284,"column":9}},"type":"if","locations":[{"start":{"line":282,"column":8},"end":{"line":284,"column":9}},{"start":{},"end":{}}],"line":282}},"s":{"0":1,"1":1,"2":1,"3":1,"4":1,"5":1,"6":1,"7":1,"8":1,"9":1,"10":1,"11":1,"12":1,"13":5,"14":5,"15":4,"16":5,"17":1,"18":1,"19":1,"20":1,"21":1,"22":1,"23":1,"24":1,"25":1,"26":1,"27":5,"28":5,"29":4,"30":5,"31":1,"32":4,"33":4,"34":0,"35":4,"36":1,"37":1,"38":1,"39":1,"40":1,"41":0,"42":0,"43":1,"44":0,"45":0,"46":0,"47":0,"48":0,"49":0,"50":0,"51":0,"52":0,"53":0,"54":0,"55":0,"56":0,"57":0,"58":0,"59":0,"60":0,"61":1,"62":1,"63":1,"64":1,"65":1,"66":1,"67":1,"68":1,"69":1,"70":0,"71":1,"72":1,"73":1,"74":0,"75":0,"76":0,"77":0,"78":1,"79":1,"80":1,"81":1,"82":1,"83":1,"84":0,"85":1,"86":0,"87":1,"88":1,"89":1,"90":1,"91":1,"92":1,"93":1,"94":0,"95":0,"96":1,"97":0,"98":0,"99":0,"100":0,"101":1,"102":1,"103":1,"104":1,"105":1,"106":1,"107":0,"108":0,"109":1},"f":{"0":1,"1":1,"2":1,"3":1,"4":0,"5":1,"6":1,"7":1},"b":{"0":[4,1],"1":[5,5],"2":[4,1],"3":[5,5],"4":[0,4],"5":[0,0],"6":[0,0],"7":[0,0],"8":[0,0],"9":[0,0],"10":[0,0],"11":[0,1],"12":[1,1],"13":[0,0],"14":[0,1],"15":[0,1],"16":[1,0],"17":[0,0],"18":[0,0],"19":[0,0]},"_coverageSchema":"1a1c01bbd47fc00a2c39e90264f33305004495a9","hash":"b83a6df49a0d31db86e7e259acdd27bd8a15be96"}
,"/Users/macm4/Documents/Projek/AbsensiOnline/backend/src/routes/payroll.routes.js": {"path":"/Users/macm4/Documents/Projek/AbsensiOnline/backend/src/routes/payroll.routes.js","statementMap":{"0":{"start":{"line":1,"column":16},"end":{"line":1,"column":34}},"1":{"start":{"line":2,"column":14},"end":{"line":2,"column":28}},"2":{"start":{"line":3,"column":15},"end":{"line":3,"column":39}},"3":{"start":{"line":4,"column":31},"end":{"line":4,"column":62}},"4":{"start":{"line":5,"column":28},"end":{"line":5,"column":73}},"5":{"start":{"line":6,"column":23},"end":{"line":6,"column":63}},"6":{"start":{"line":8,"column":15},"end":{"line":8,"column":31}},"7":{"start":{"line":14,"column":30},"end":{"line":18,"column":2}},"8":{"start":{"line":25,"column":20},"end":{"line":25,"column":54}},"9":{"start":{"line":26,"column":16},"end":{"line":26,"column":17}},"10":{"start":{"line":27,"column":4},"end":{"line":33,"column":5}},"11":{"start":{"line":27,"column":19},"end":{"line":27,"column":20}},"12":{"start":{"line":28,"column":21},"end":{"line":28,"column":51}},"13":{"start":{"line":29,"column":26},"end":{"line":29,"column":39}},"14":{"start":{"line":30,"column":8},"end":{"line":32,"column":9}},"15":{"start":{"line":31,"column":12},"end":{"line":31,"column":20}},"16":{"start":{"line":34,"column":4},"end":{"line":34,"column":17}},"17":{"start":{"line":38,"column":17},"end":{"line":38,"column":41}},"18":{"start":{"line":39,"column":18},"end":{"line":45,"column":6}},"19":{"start":{"line":47,"column":19},"end":{"line":47,"column":53}},"20":{"start":{"line":48,"column":4},"end":{"line":48,"column":35}},"21":{"start":{"line":55,"column":0},"end":{"line":77,"column":3}},"22":{"start":{"line":56,"column":4},"end":{"line":76,"column":5}},"23":{"start":{"line":57,"column":44},"end":{"line":57,"column":53}},"24":{"start":{"line":59,"column":22},"end":{"line":59,"column":24}},"25":{"start":{"line":60,"column":8},"end":{"line":60,"column":55}},"26":{"start":{"line":60,"column":24},"end":{"line":60,"column":55}},"27":{"start":{"line":61,"column":8},"end":{"line":61,"column":49}},"28":{"start":{"line":61,"column":19},"end":{"line":61,"column":49}},"29":{"start":{"line":62,"column":8},"end":{"line":62,"column":46}},"30":{"start":{"line":62,"column":18},"end":{"line":62,"column":46}},"31":{"start":{"line":64,"column":25},"end":{"line":70,"column":10}},"32":{"start":{"line":72,"column":8},"end":{"line":72,"column":52}},"33":{"start":{"line":74,"column":8},"end":{"line":74,"column":57}},"34":{"start":{"line":75,"column":8},"end":{"line":75,"column":84}},"35":{"start":{"line":79,"column":0},"end":{"line":203,"column":3}},"36":{"start":{"line":80,"column":4},"end":{"line":202,"column":5}},"37":{"start":{"line":81,"column":30},"end":{"line":81,"column":67}},"38":{"start":{"line":82,"column":45},"end":{"line":82,"column":58}},"39":{"start":{"line":85,"column":31},"end":{"line":85,"column":77}},"40":{"start":{"line":86,"column":26},"end":{"line":91,"column":10}},"41":{"start":{"line":93,"column":24},"end":{"line":93,"column":26}},"42":{"start":{"line":94,"column":29},"end":{"line":94,"column":63}},"43":{"start":{"line":96,"column":8},"end":{"line":193,"column":9}},"44":{"start":{"line":98,"column":33},"end":{"line":98,"column":61}},"45":{"start":{"line":99,"column":31},"end":{"line":99,"column":72}},"46":{"start":{"line":101,"column":38},"end":{"line":106,"column":14}},"47":{"start":{"line":108,"column":35},"end":{"line":108,"column":115}},"48":{"start":{"line":108,"column":65},"end":{"line":108,"column":107}},"49":{"start":{"line":109,"column":30},"end":{"line":109,"column":77}},"50":{"start":{"line":109,"column":60},"end":{"line":109,"column":69}},"51":{"start":{"line":112,"column":37},"end":{"line":118,"column":14}},"52":{"start":{"line":120,"column":39},"end":{"line":120,"column":100}},"53":{"start":{"line":120,"column":76},"end":{"line":120,"column":96}},"54":{"start":{"line":126,"column":31},"end":{"line":126,"column":38}},"55":{"start":{"line":127,"column":32},"end":{"line":127,"column":57}},"56":{"start":{"line":130,"column":31},"end":{"line":130,"column":47}},"57":{"start":{"line":131,"column":32},"end":{"line":131,"column":69}},"58":{"start":{"line":134,"column":34},"end":{"line":134,"column":51}},"59":{"start":{"line":137,"column":31},"end":{"line":137,"column":73}},"60":{"start":{"line":138,"column":36},"end":{"line":138,"column":60}},"61":{"start":{"line":140,"column":29},"end":{"line":140,"column":73}},"62":{"start":{"line":141,"column":27},"end":{"line":141,"column":51}},"63":{"start":{"line":144,"column":34},"end":{"line":144,"column":63}},"64":{"start":{"line":146,"column":28},"end":{"line":181,"column":14}},"65":{"start":{"line":184,"column":12},"end":{"line":190,"column":14}},"66":{"start":{"line":192,"column":12},"end":{"line":192,"column":34}},"67":{"start":{"line":195,"column":8},"end":{"line":195,"column":113}},"68":{"start":{"line":197,"column":8},"end":{"line":199,"column":9}},"69":{"start":{"line":198,"column":12},"end":{"line":198,"column":110}},"70":{"start":{"line":200,"column":8},"end":{"line":200,"column":58}},"71":{"start":{"line":201,"column":8},"end":{"line":201,"column":86}},"72":{"start":{"line":205,"column":0},"end":{"line":205,"column":24}}},"fnMap":{"0":{"name":"calculateBusinessDays","decl":{"start":{"line":24,"column":9},"end":{"line":24,"column":30}},"loc":{"start":{"line":24,"column":44},"end":{"line":35,"column":1}},"line":24},"1":{"name":"generatePayrollNumber","decl":{"start":{"line":37,"column":15},"end":{"line":37,"column":36}},"loc":{"start":{"line":37,"column":39},"end":{"line":49,"column":1}},"line":37},"2":{"name":"(anonymous_2)","decl":{"start":{"line":55,"column":45},"end":{"line":55,"column":46}},"loc":{"start":{"line":55,"column":65},"end":{"line":77,"column":1}},"line":55},"3":{"name":"(anonymous_3)","decl":{"start":{"line":79,"column":70},"end":{"line":79,"column":71}},"loc":{"start":{"line":79,"column":90},"end":{"line":203,"column":1}},"line":79},"4":{"name":"(anonymous_4)","decl":{"start":{"line":108,"column":60},"end":{"line":108,"column":61}},"loc":{"start":{"line":108,"column":65},"end":{"line":108,"column":107}},"line":108},"5":{"name":"(anonymous_5)","decl":{"start":{"line":109,"column":55},"end":{"line":109,"column":56}},"loc":{"start":{"line":109,"column":60},"end":{"line":109,"column":69}},"line":109},"6":{"name":"(anonymous_6)","decl":{"start":{"line":120,"column":63},"end":{"line":120,"column":64}},"loc":{"start":{"line":120,"column":76},"end":{"line":120,"column":96}},"line":120}},"branchMap":{"0":{"loc":{"start":{"line":30,"column":8},"end":{"line":32,"column":9}},"type":"if","locations":[{"start":{"line":30,"column":8},"end":{"line":32,"column":9}},{"start":{},"end":{}}],"line":30},"1":{"loc":{"start":{"line":30,"column":12},"end":{"line":30,"column":46}},"type":"binary-expr","locations":[{"start":{"line":30,"column":12},"end":{"line":30,"column":27}},{"start":{"line":30,"column":31},"end":{"line":30,"column":46}}],"line":30},"2":{"loc":{"start":{"line":60,"column":8},"end":{"line":60,"column":55}},"type":"if","locations":[{"start":{"line":60,"column":8},"end":{"line":60,"column":55}},{"start":{},"end":{}}],"line":60},"3":{"loc":{"start":{"line":61,"column":8},"end":{"line":61,"column":49}},"type":"if","locations":[{"start":{"line":61,"column":8},"end":{"line":61,"column":49}},{"start":{},"end":{}}],"line":61},"4":{"loc":{"start":{"line":62,"column":8},"end":{"line":62,"column":46}},"type":"if","locations":[{"start":{"line":62,"column":8},"end":{"line":62,"column":46}},{"start":{},"end":{}}],"line":62},"5":{"loc":{"start":{"line":85,"column":31},"end":{"line":85,"column":77}},"type":"cond-expr","locations":[{"start":{"line":85,"column":45},"end":{"line":85,"column":72}},{"start":{"line":85,"column":75},"end":{"line":85,"column":77}}],"line":85},"6":{"loc":{"start":{"line":108,"column":65},"end":{"line":108,"column":107}},"type":"binary-expr","locations":[{"start":{"line":108,"column":65},"end":{"line":108,"column":85}},{"start":{"line":108,"column":89},"end":{"line":108,"column":107}}],"line":108},"7":{"loc":{"start":{"line":197,"column":8},"end":{"line":199,"column":9}},"type":"if","locations":[{"start":{"line":197,"column":8},"end":{"line":199,"column":9}},{"start":{},"end":{}}],"line":197}},"s":{"0":1,"1":1,"2":1,"3":1,"4":1,"5":1,"6":1,"7":1,"8":1,"9":1,"10":1,"11":1,"12":31,"13":31,"14":31,"15":22,"16":1,"17":1,"18":1,"19":1,"20":1,"21":1,"22":0,"23":0,"24":0,"25":0,"26":0,"27":0,"28":0,"29":0,"30":0,"31":0,"32":0,"33":0,"34":0,"35":1,"36":1,"37":1,"38":1,"39":1,"40":1,"41":1,"42":1,"43":1,"44":1,"45":1,"46":1,"47":1,"48":20,"49":1,"50":20,"51":1,"52":1,"53":1,"54":1,"55":1,"56":1,"57":1,"58":1,"59":1,"60":1,"61":1,"62":1,"63":1,"64":1,"65":1,"66":1,"67":1,"68":0,"69":0,"70":0,"71":0,"72":1},"f":{"0":1,"1":1,"2":0,"3":1,"4":20,"5":20,"6":1},"b":{"0":[22,9],"1":[31,26],"2":[0,0],"3":[0,0],"4":[0,0],"5":[0,1],"6":[20,0],"7":[0,0]},"_coverageSchema":"1a1c01bbd47fc00a2c39e90264f33305004495a9","hash":"f6c6b6b24fe1fab03bb9deb8436bce84cc5055ff"}
,"/Users/macm4/Documents/Projek/AbsensiOnline/backend/src/services/attendance.service.js": {"path":"/Users/macm4/Documents/Projek/AbsensiOnline/backend/src/services/attendance.service.js","statementMap":{"0":{"start":{"line":1,"column":25},"end":{"line":1,"column":50}},"1":{"start":{"line":2,"column":15},"end":{"line":2,"column":33}},"2":{"start":{"line":4,"column":46},"end":{"line":4,"column":99}},"3":{"start":{"line":7,"column":21},"end":{"line":9,"column":6}},"4":{"start":{"line":11,"column":4},"end":{"line":15,"column":5}},"5":{"start":{"line":12,"column":20},"end":{"line":12,"column":58}},"6":{"start":{"line":13,"column":8},"end":{"line":13,"column":25}},"7":{"start":{"line":14,"column":8},"end":{"line":14,"column":18}},"8":{"start":{"line":17,"column":4},"end":{"line":17,"column":70}},"9":{"start":{"line":19,"column":21},"end":{"line":24,"column":6}},"10":{"start":{"line":26,"column":4},"end":{"line":30,"column":5}},"11":{"start":{"line":27,"column":20},"end":{"line":27,"column":65}},"12":{"start":{"line":28,"column":8},"end":{"line":28,"column":25}},"13":{"start":{"line":29,"column":8},"end":{"line":29,"column":18}},"14":{"start":{"line":32,"column":4},"end":{"line":41,"column":7}},"15":{"start":{"line":45,"column":21},"end":{"line":47,"column":6}},"16":{"start":{"line":49,"column":4},"end":{"line":53,"column":5}},"17":{"start":{"line":50,"column":20},"end":{"line":50,"column":58}},"18":{"start":{"line":51,"column":8},"end":{"line":51,"column":25}},"19":{"start":{"line":52,"column":8},"end":{"line":52,"column":18}},"20":{"start":{"line":55,"column":4},"end":{"line":55,"column":71}},"21":{"start":{"line":57,"column":23},"end":{"line":62,"column":6}},"22":{"start":{"line":64,"column":4},"end":{"line":68,"column":5}},"23":{"start":{"line":65,"column":20},"end":{"line":65,"column":51}},"24":{"start":{"line":66,"column":8},"end":{"line":66,"column":25}},"25":{"start":{"line":67,"column":8},"end":{"line":67,"column":18}},"26":{"start":{"line":70,"column":4},"end":{"line":74,"column":5}},"27":{"start":{"line":71,"column":20},"end":{"line":71,"column":52}},"28":{"start":{"line":72,"column":8},"end":{"line":72,"column":25}},"29":{"start":{"line":73,"column":8},"end":{"line":73,"column":18}},"30":{"start":{"line":76,"column":4},"end":{"line":83,"column":7}},"31":{"start":{"line":86,"column":0},"end":{"line":89,"column":2}}},"fnMap":{"0":{"name":"checkIn","decl":{"start":{"line":6,"column":15},"end":{"line":6,"column":22}},"loc":{"start":{"line":6,"column":66},"end":{"line":42,"column":1}},"line":6},"1":{"name":"checkOut","decl":{"start":{"line":44,"column":15},"end":{"line":44,"column":23}},"loc":{"start":{"line":44,"column":67},"end":{"line":84,"column":1}},"line":44}},"branchMap":{"0":{"loc":{"start":{"line":11,"column":4},"end":{"line":15,"column":5}},"type":"if","locations":[{"start":{"line":11,"column":4},"end":{"line":15,"column":5}},{"start":{},"end":{}}],"line":11},"1":{"loc":{"start":{"line":26,"column":4},"end":{"line":30,"column":5}},"type":"if","locations":[{"start":{"line":26,"column":4},"end":{"line":30,"column":5}},{"start":{},"end":{}}],"line":26},"2":{"loc":{"start":{"line":49,"column":4},"end":{"line":53,"column":5}},"type":"if","locations":[{"start":{"line":49,"column":4},"end":{"line":53,"column":5}},{"start":{},"end":{}}],"line":49},"3":{"loc":{"start":{"line":64,"column":4},"end":{"line":68,"column":5}},"type":"if","locations":[{"start":{"line":64,"column":4},"end":{"line":68,"column":5}},{"start":{},"end":{}}],"line":64},"4":{"loc":{"start":{"line":70,"column":4},"end":{"line":74,"column":5}},"type":"if","locations":[{"start":{"line":70,"column":4},"end":{"line":74,"column":5}},{"start":{},"end":{}}],"line":70}},"s":{"0":1,"1":1,"2":1,"3":3,"4":3,"5":0,"6":0,"7":0,"8":3,"9":2,"10":2,"11":1,"12":1,"13":1,"14":1,"15":2,"16":2,"17":0,"18":0,"19":0,"20":2,"21":2,"22":2,"23":1,"24":1,"25":1,"26":1,"27":0,"28":0,"29":0,"30":1,"31":1},"f":{"0":3,"1":2},"b":{"0":[0,3],"1":[1,1],"2":[0,2],"3":[1,1],"4":[0,1]},"_coverageSchema":"1a1c01bbd47fc00a2c39e90264f33305004495a9","hash":"5b4c3193ee53a8127e7cb0eac290481522fa383d"}
,"/Users/macm4/Documents/Projek/AbsensiOnline/backend/src/validators/attendanceCategory.validator.js": {"path":"/Users/macm4/Documents/Projek/AbsensiOnline/backend/src/validators/attendanceCategory.validator.js","statementMap":{"0":{"start":{"line":2,"column":4},"end":{"line":4,"column":5}},"1":{"start":{"line":3,"column":8},"end":{"line":3,"column":57}},"2":{"start":{"line":6,"column":4},"end":{"line":24,"column":5}},"3":{"start":{"line":8,"column":12},"end":{"line":8,"column":19}},"4":{"start":{"line":11,"column":12},"end":{"line":11,"column":19}},"5":{"start":{"line":14,"column":12},"end":{"line":16,"column":13}},"6":{"start":{"line":15,"column":16},"end":{"line":15,"column":75}},"7":{"start":{"line":17,"column":12},"end":{"line":19,"column":13}},"8":{"start":{"line":18,"column":16},"end":{"line":18,"column":72}},"9":{"start":{"line":20,"column":12},"end":{"line":20,"column":19}},"10":{"start":{"line":23,"column":12},"end":{"line":23,"column":57}},"11":{"start":{"line":28,"column":4},"end":{"line":30,"column":5}},"12":{"start":{"line":29,"column":8},"end":{"line":29,"column":57}},"13":{"start":{"line":32,"column":4},"end":{"line":48,"column":5}},"14":{"start":{"line":35,"column":12},"end":{"line":35,"column":19}},"15":{"start":{"line":38,"column":12},"end":{"line":40,"column":13}},"16":{"start":{"line":39,"column":16},"end":{"line":39,"column":76}},"17":{"start":{"line":41,"column":12},"end":{"line":43,"column":13}},"18":{"start":{"line":42,"column":16},"end":{"line":42,"column":73}},"19":{"start":{"line":44,"column":12},"end":{"line":44,"column":19}},"20":{"start":{"line":47,"column":12},"end":{"line":47,"column":57}},"21":{"start":{"line":51,"column":0},"end":{"line":54,"column":2}}},"fnMap":{"0":{"name":"validateCheckIn","decl":{"start":{"line":1,"column":9},"end":{"line":1,"column":24}},"loc":{"start":{"line":1,"column":56},"end":{"line":25,"column":1}},"line":1},"1":{"name":"validateCheckOut","decl":{"start":{"line":27,"column":9},"end":{"line":27,"column":25}},"loc":{"start":{"line":27,"column":57},"end":{"line":49,"column":1}},"line":27}},"branchMap":{"0":{"loc":{"start":{"line":2,"column":4},"end":{"line":4,"column":5}},"type":"if","locations":[{"start":{"line":2,"column":4},"end":{"line":4,"column":5}},{"start":{},"end":{}}],"line":2},"1":{"loc":{"start":{"line":6,"column":4},"end":{"line":24,"column":5}},"type":"switch","locations":[{"start":{"line":7,"column":8},"end":{"line":8,"column":19}},{"start":{"line":10,"column":8},"end":{"line":11,"column":19}},{"start":{"line":13,"column":8},"end":{"line":20,"column":19}},{"start":{"line":22,"column":8},"end":{"line":23,"column":57}}],"line":6},"2":{"loc":{"start":{"line":14,"column":12},"end":{"line":16,"column":13}},"type":"if","locations":[{"start":{"line":14,"column":12},"end":{"line":16,"column":13}},{"start":{},"end":{}}],"line":14},"3":{"loc":{"start":{"line":17,"column":12},"end":{"line":19,"column":13}},"type":"if","locations":[{"start":{"line":17,"column":12},"end":{"line":19,"column":13}},{"start":{},"end":{}}],"line":17},"4":{"loc":{"start":{"line":28,"column":4},"end":{"line":30,"column":5}},"type":"if","locations":[{"start":{"line":28,"column":4},"end":{"line":30,"column":5}},{"start":{},"end":{}}],"line":28},"5":{"loc":{"start":{"line":32,"column":4},"end":{"line":48,"column":5}},"type":"switch","locations":[{"start":{"line":33,"column":8},"end":{"line":33,"column":23}},{"start":{"line":34,"column":8},"end":{"line":35,"column":19}},{"start":{"line":37,"column":8},"end":{"line":44,"column":19}},{"start":{"line":46,"column":8},"end":{"line":47,"column":57}}],"line":32},"6":{"loc":{"start":{"line":38,"column":12},"end":{"line":40,"column":13}},"type":"if","locations":[{"start":{"line":38,"column":12},"end":{"line":40,"column":13}},{"start":{},"end":{}}],"line":38},"7":{"loc":{"start":{"line":41,"column":12},"end":{"line":43,"column":13}},"type":"if","locations":[{"start":{"line":41,"column":12},"end":{"line":43,"column":13}},{"start":{},"end":{}}],"line":41}},"s":{"0":3,"1":0,"2":3,"3":2,"4":0,"5":1,"6":0,"7":1,"8":1,"9":0,"10":0,"11":2,"12":0,"13":2,"14":2,"15":0,"16":0,"17":0,"18":0,"19":0,"20":0,"21":1},"f":{"0":3,"1":2},"b":{"0":[0,3],"1":[2,0,1,0],"2":[0,1],"3":[1,0],"4":[0,2],"5":[2,2,0,0],"6":[0,0],"7":[0,0]},"_coverageSchema":"1a1c01bbd47fc00a2c39e90264f33305004495a9","hash":"9e72a2ac74a6ceb85702bdfce7e823768873c87c"}
}
