TN:
SF:src/routes/leave.routes.js
FN:30,calculateBusinessDays
FN:46,generateLeaveRequestNumber
FN:60,syncLeaveWithAttendance
FN:102,createNotification
FN:118,(anonymous_4)
FN:132,(anonymous_5)
FN:161,(anonymous_6)
FN:218,(anonymous_7)
FN:297,(anonymous_8)
FNF:9
FNH:8
FNDA:1,calculateBusinessDays
FNDA:1,generateLeaveRequestNumber
FNDA:1,syncLeaveWithAttendance
FNDA:1,createNotification
FNDA:1,(anonymous_4)
FNDA:0,(anonymous_5)
FNDA:1,(anonymous_6)
FNDA:1,(anonymous_7)
FNDA:1,(anonymous_8)
DA:1,1
DA:2,1
DA:3,1
DA:5,1
DA:11,1
DA:20,1
DA:31,1
DA:32,1
DA:33,1
DA:35,1
DA:36,5
DA:37,5
DA:38,4
DA:40,5
DA:43,1
DA:47,1
DA:48,1
DA:56,1
DA:57,1
DA:61,1
DA:62,1
DA:63,1
DA:65,1
DA:67,1
DA:68,5
DA:69,5
DA:70,4
DA:76,5
DA:79,1
DA:80,4
DA:87,4
DA:88,0
DA:93,4
DA:99,1
DA:103,1
DA:118,1
DA:119,1
DA:120,1
DA:125,1
DA:127,0
DA:128,0
DA:132,1
DA:133,0
DA:134,0
DA:136,0
DA:137,0
DA:138,0
DA:139,0
DA:140,0
DA:141,0
DA:142,0
DA:145,0
DA:154,0
DA:156,0
DA:157,0
DA:161,1
DA:162,1
DA:163,1
DA:165,1
DA:166,1
DA:167,1
DA:169,1
DA:170,1
DA:180,1
DA:181,0
DA:188,1
DA:190,1
DA:208,1
DA:210,0
DA:211,0
DA:213,0
DA:214,0
DA:218,1
DA:219,1
DA:220,1
DA:221,1
DA:223,1
DA:228,1
DA:229,0
DA:232,1
DA:233,0
DA:236,1
DA:247,1
DA:248,1
DA:250,1
DA:251,1
DA:265,1
DA:270,1
DA:277,0
DA:278,0
DA:287,1
DA:289,0
DA:290,0
DA:292,0
DA:293,0
DA:297,1
DA:298,1
DA:299,1
DA:300,1
DA:302,1
DA:307,1
DA:309,0
DA:310,0
DA:314,1
LF:104
LH:73
BRDA:37,0,0,4
BRDA:37,0,1,1
BRDA:37,1,0,5
BRDA:37,1,1,5
BRDA:69,2,0,4
BRDA:69,2,1,1
BRDA:69,3,0,5
BRDA:69,3,1,5
BRDA:87,4,0,0
BRDA:87,4,1,4
BRDA:137,5,0,0
BRDA:137,5,1,0
BRDA:138,6,0,0
BRDA:138,6,1,0
BRDA:139,7,0,0
BRDA:139,7,1,0
BRDA:139,8,0,0
BRDA:139,8,1,0
BRDA:141,9,0,0
BRDA:141,9,1,0
BRDA:142,10,0,0
BRDA:142,10,1,0
BRDA:180,11,0,0
BRDA:180,11,1,1
BRDA:180,12,0,1
BRDA:180,12,1,1
BRDA:210,13,0,0
BRDA:210,13,1,0
BRDA:228,14,0,0
BRDA:228,14,1,1
BRDA:232,15,0,0
BRDA:232,15,1,1
BRDA:247,16,0,1
BRDA:247,16,1,0
BRDA:277,17,0,0
BRDA:277,17,1,0
BRDA:282,18,0,0
BRDA:282,18,1,0
BRDA:289,19,0,0
BRDA:289,19,1,0
BRF:40
BRH:15
end_of_record
