TN:
SF:src/auth.js
FN:5,(anonymous_0)
FN:9,(anonymous_1)
FN:62,(anonymous_2)
FN:67,(anonymous_3)
FNF:4
FNH:3
FNDA:1,(anonymous_0)
FNDA:3,(anonymous_1)
FNDA:0,(anonymous_2)
FNDA:2,(anonymous_3)
DA:1,1
DA:2,1
DA:3,1
DA:5,1
DA:6,1
DA:9,1
DA:10,3
DA:11,3
DA:13,3
DA:14,3
DA:21,3
DA:22,1
DA:25,2
DA:26,2
DA:27,1
DA:30,1
DA:40,1
DA:56,0
DA:57,0
DA:62,1
DA:63,0
DA:67,1
DA:68,2
DA:69,2
DA:70,2
DA:72,2
DA:73,2
DA:74,2
DA:75,1
DA:79,1
DA:81,1
DA:85,1
LF:32
LH:29
BRDA:10,0,0,3
BRDA:10,0,1,0
BRDA:11,1,0,0
BRDA:11,1,1,3
BRDA:11,2,0,3
BRDA:11,2,1,3
BRDA:21,3,0,1
BRDA:21,3,1,2
BRDA:26,4,0,1
BRDA:26,4,1,1
BRDA:36,5,0,1
BRDA:36,5,1,1
BRDA:48,6,0,1
BRDA:48,6,1,0
BRDA:70,7,0,0
BRDA:70,7,1,2
BRDA:74,8,0,2
BRDA:74,8,1,2
BRF:18
BRH:14
end_of_record
TN:
SF:src/lib/notifications.js
FN:13,createNotification
FNF:1
FNH:1
FNDA:1,createNotification
DA:1,1
DA:14,1
DA:15,1
DA:26,0
DA:29,0
DA:33,1
LF:6
LH:4
BRF:0
BRH:0
end_of_record
TN:
SF:src/routes/leave.routes.js
FN:33,calculateBusinessDays
FN:49,generateLeaveRequestNumber
FN:63,syncLeaveWithAttendance
FN:111,(anonymous_3)
FN:125,(anonymous_4)
FN:154,(anonymous_5)
FN:211,(anonymous_6)
FN:290,(anonymous_7)
FNF:8
FNH:7
FNDA:1,calculateBusinessDays
FNDA:1,generateLeaveRequestNumber
FNDA:1,syncLeaveWithAttendance
FNDA:1,(anonymous_3)
FNDA:0,(anonymous_4)
FNDA:1,(anonymous_5)
FNDA:1,(anonymous_6)
FNDA:1,(anonymous_7)
DA:1,1
DA:2,1
DA:3,1
DA:4,1
DA:5,1
DA:6,1
DA:8,1
DA:14,1
DA:23,1
DA:34,1
DA:35,1
DA:36,1
DA:38,1
DA:39,5
DA:40,5
DA:41,4
DA:43,5
DA:46,1
DA:50,1
DA:51,1
DA:59,1
DA:60,1
DA:64,1
DA:65,1
DA:66,1
DA:68,1
DA:70,1
DA:71,5
DA:72,5
DA:73,4
DA:79,5
DA:82,1
DA:83,4
DA:90,4
DA:91,0
DA:96,4
DA:102,1
DA:111,1
DA:112,1
DA:113,1
DA:118,1
DA:120,0
DA:121,0
DA:125,1
DA:126,0
DA:127,0
DA:129,0
DA:130,0
DA:131,0
DA:132,0
DA:133,0
DA:134,0
DA:135,0
DA:138,0
DA:147,0
DA:149,0
DA:150,0
DA:154,1
DA:155,1
DA:156,1
DA:158,1
DA:159,1
DA:160,1
DA:162,1
DA:163,1
DA:173,1
DA:174,0
DA:181,1
DA:183,1
DA:201,1
DA:203,0
DA:204,0
DA:206,0
DA:207,0
DA:211,1
DA:212,1
DA:213,1
DA:214,1
DA:216,1
DA:221,1
DA:222,0
DA:225,1
DA:226,0
DA:229,1
DA:240,1
DA:241,1
DA:243,1
DA:244,1
DA:258,1
DA:263,1
DA:270,0
DA:271,0
DA:280,1
DA:282,0
DA:283,0
DA:285,0
DA:286,0
DA:290,1
DA:291,1
DA:292,1
DA:293,1
DA:295,1
DA:300,1
DA:302,0
DA:303,0
DA:307,1
LF:106
LH:75
BRDA:40,0,0,4
BRDA:40,0,1,1
BRDA:40,1,0,5
BRDA:40,1,1,5
BRDA:72,2,0,4
BRDA:72,2,1,1
BRDA:72,3,0,5
BRDA:72,3,1,5
BRDA:90,4,0,0
BRDA:90,4,1,4
BRDA:130,5,0,0
BRDA:130,5,1,0
BRDA:131,6,0,0
BRDA:131,6,1,0
BRDA:132,7,0,0
BRDA:132,7,1,0
BRDA:132,8,0,0
BRDA:132,8,1,0
BRDA:134,9,0,0
BRDA:134,9,1,0
BRDA:135,10,0,0
BRDA:135,10,1,0
BRDA:173,11,0,0
BRDA:173,11,1,1
BRDA:173,12,0,1
BRDA:173,12,1,1
BRDA:203,13,0,0
BRDA:203,13,1,0
BRDA:221,14,0,0
BRDA:221,14,1,1
BRDA:225,15,0,0
BRDA:225,15,1,1
BRDA:240,16,0,1
BRDA:240,16,1,0
BRDA:270,17,0,0
BRDA:270,17,1,0
BRDA:275,18,0,0
BRDA:275,18,1,0
BRDA:282,19,0,0
BRDA:282,19,1,0
BRF:40
BRH:15
end_of_record
TN:
SF:src/routes/payroll.routes.js
FN:24,calculateBusinessDays
FN:37,generatePayrollNumber
FN:55,(anonymous_2)
FN:79,(anonymous_3)
FN:108,(anonymous_4)
FN:109,(anonymous_5)
FN:120,(anonymous_6)
FNF:7
FNH:6
FNDA:1,calculateBusinessDays
FNDA:1,generatePayrollNumber
FNDA:0,(anonymous_2)
FNDA:1,(anonymous_3)
FNDA:20,(anonymous_4)
FNDA:20,(anonymous_5)
FNDA:1,(anonymous_6)
DA:1,1
DA:2,1
DA:3,1
DA:4,1
DA:5,1
DA:6,1
DA:8,1
DA:14,1
DA:25,1
DA:26,1
DA:27,1
DA:28,31
DA:29,31
DA:30,31
DA:31,22
DA:34,1
DA:38,1
DA:39,1
DA:47,1
DA:48,1
DA:55,1
DA:56,0
DA:57,0
DA:59,0
DA:60,0
DA:61,0
DA:62,0
DA:64,0
DA:72,0
DA:74,0
DA:75,0
DA:79,1
DA:80,1
DA:81,1
DA:82,1
DA:85,1
DA:86,1
DA:93,1
DA:94,1
DA:96,1
DA:98,1
DA:99,1
DA:101,1
DA:108,20
DA:109,20
DA:112,1
DA:120,1
DA:126,1
DA:127,1
DA:130,1
DA:131,1
DA:134,1
DA:137,1
DA:138,1
DA:140,1
DA:141,1
DA:144,1
DA:146,1
DA:184,1
DA:192,1
DA:195,1
DA:197,0
DA:198,0
DA:200,0
DA:201,0
DA:205,1
LF:66
LH:52
BRDA:30,0,0,22
BRDA:30,0,1,9
BRDA:30,1,0,31
BRDA:30,1,1,26
BRDA:60,2,0,0
BRDA:60,2,1,0
BRDA:61,3,0,0
BRDA:61,3,1,0
BRDA:62,4,0,0
BRDA:62,4,1,0
BRDA:85,5,0,0
BRDA:85,5,1,1
BRDA:108,6,0,20
BRDA:108,6,1,0
BRDA:197,7,0,0
BRDA:197,7,1,0
BRF:16
BRH:6
end_of_record
TN:
SF:src/services/attendance.service.js
FN:6,checkIn
FN:44,checkOut
FNF:2
FNH:2
FNDA:3,checkIn
FNDA:2,checkOut
DA:1,1
DA:2,1
DA:4,1
DA:7,3
DA:11,3
DA:12,0
DA:13,0
DA:14,0
DA:17,3
DA:19,2
DA:26,2
DA:27,1
DA:28,1
DA:29,1
DA:32,1
DA:45,2
DA:49,2
DA:50,0
DA:51,0
DA:52,0
DA:55,2
DA:57,2
DA:64,2
DA:65,1
DA:66,1
DA:67,1
DA:70,1
DA:71,0
DA:72,0
DA:73,0
DA:76,1
DA:86,1
LF:32
LH:23
BRDA:11,0,0,0
BRDA:11,0,1,3
BRDA:26,1,0,1
BRDA:26,1,1,1
BRDA:49,2,0,0
BRDA:49,2,1,2
BRDA:64,3,0,1
BRDA:64,3,1,1
BRDA:70,4,0,0
BRDA:70,4,1,1
BRF:10
BRH:7
end_of_record
TN:
SF:src/validators/attendanceCategory.validator.js
FN:1,validateCheckIn
FN:27,validateCheckOut
FNF:2
FNH:2
FNDA:3,validateCheckIn
FNDA:2,validateCheckOut
DA:2,3
DA:3,0
DA:6,3
DA:8,2
DA:11,0
DA:14,1
DA:15,0
DA:17,1
DA:18,1
DA:20,0
DA:23,0
DA:28,2
DA:29,0
DA:32,2
DA:35,2
DA:38,0
DA:39,0
DA:41,0
DA:42,0
DA:44,0
DA:47,0
DA:51,1
LF:22
LH:10
BRDA:2,0,0,0
BRDA:2,0,1,3
BRDA:6,1,0,2
BRDA:6,1,1,0
BRDA:6,1,2,1
BRDA:6,1,3,0
BRDA:14,2,0,0
BRDA:14,2,1,1
BRDA:17,3,0,1
BRDA:17,3,1,0
BRDA:28,4,0,0
BRDA:28,4,1,2
BRDA:32,5,0,2
BRDA:32,5,1,2
BRDA:32,5,2,0
BRDA:32,5,3,0
BRDA:38,6,0,0
BRDA:38,6,1,0
BRDA:41,7,0,0
BRDA:41,7,1,0
BRF:20
BRH:8
end_of_record
